\BOOKMARK [1][-]{section*.1}{\376\377\000\315\000n\000d\000i\000c\000e}{}% 1
\BOOKMARK [1][-]{section.1}{\376\377\000I\000n\000t\000r\000o\000d\000u\000c\000c\000i\000\363\000n}{}% 2
\BOOKMARK [1][-]{section.2}{\376\377\000M\000a\000r\000c\000o\000\040\000T\000e\000\363\000r\000i\000c\000o}{}% 3
\BOOKMARK [2][-]{subsection.2.1}{\376\377\000L\000a\000\040\000e\000s\000t\000a\000d\000\355\000s\000t\000i\000c\000a\000\040\000i\000n\000f\000e\000r\000e\000n\000c\000i\000a\000l}{section.2}% 4
\BOOKMARK [2][-]{subsection.2.2}{\376\377\000E\000l\000\040\000a\000m\000b\000i\000e\000n\000t\000e\000\040\000l\000a\000b\000o\000r\000a\000l\000\040\000t\000e\000n\000o\000l\000\363\000g\000i\000c\000o}{section.2}% 5
\BOOKMARK [1][-]{section.3}{\376\377\000O\000b\000j\000e\000t\000i\000v\000o\000\040\000g\000e\000n\000e\000r\000a\000l}{}% 6
\BOOKMARK [2][-]{subsection.3.1}{\376\377\000O\000b\000j\000e\000t\000i\000v\000o\000s\000\040\000e\000s\000p\000e\000c\000\355\000f\000i\000c\000o\000s}{section.3}% 7
\BOOKMARK [1][-]{section.4}{\376\377\000P\000r\000e\000s\000e\000n\000t\000a\000c\000i\000\363\000n\000\040\000d\000e\000\040\000l\000o\000s\000\040\000D\000a\000t\000o\000s}{}% 8
\BOOKMARK [2][-]{subsection.4.1}{\376\377\000D\000e\000s\000c\000r\000i\000p\000c\000i\000\363\000n\000\040\000d\000e\000\040\000l\000a\000s\000\040\000V\000a\000r\000i\000a\000b\000l\000e\000s}{section.4}% 9
\BOOKMARK [1][-]{section.5}{\376\377\000P\000l\000a\000n\000t\000e\000a\000m\000i\000e\000n\000t\000o\000\040\000d\000e\000\040\000H\000i\000p\000\363\000t\000e\000s\000i\000s}{}% 10
\BOOKMARK [1][-]{section.6}{\376\377\000M\000e\000t\000o\000d\000o\000l\000o\000g\000\355\000a}{}% 11
\BOOKMARK [2][-]{subsection.6.1}{\376\377\000E\000n\000f\000o\000q\000u\000e\000\040\000e\000s\000t\000a\000d\000\355\000s\000t\000i\000c\000o}{section.6}% 12
\BOOKMARK [2][-]{subsection.6.2}{\376\377\000P\000r\000u\000e\000b\000a\000\040\000d\000e\000\040\000h\000i\000p\000\363\000t\000e\000s\000i\000s\000\040\000p\000a\000r\000a\000\040\000d\000i\000f\000e\000r\000e\000n\000c\000i\000a\000\040\000d\000e\000\040\000m\000e\000d\000i\000a\000s}{section.6}% 13
\BOOKMARK [2][-]{subsection.6.3}{\376\377\000I\000n\000t\000e\000r\000v\000a\000l\000o\000s\000\040\000d\000e\000\040\000c\000o\000n\000f\000i\000a\000n\000z\000a}{section.6}% 14
\BOOKMARK [2][-]{subsection.6.4}{\376\377\000V\000a\000l\000i\000d\000a\000c\000i\000\363\000n\000\040\000d\000e\000\040\000s\000u\000p\000u\000e\000s\000t\000o\000s}{section.6}% 15
\BOOKMARK [2][-]{subsection.6.5}{\376\377\000A\000n\000\341\000l\000i\000s\000i\000s\000\040\000c\000o\000m\000p\000l\000e\000m\000e\000n\000t\000a\000r\000i\000o\000s}{section.6}% 16
\BOOKMARK [1][-]{section.7}{\376\377\000A\000n\000\341\000l\000i\000s\000i\000s\000\040\000y\000\040\000D\000e\000s\000a\000r\000r\000o\000l\000l\000o}{}% 17
\BOOKMARK [2][-]{subsection.7.1}{\376\377\000G\000r\000\341\000f\000i\000c\000o\000s\000\040\000y\000\040\000t\000a\000b\000l\000a\000s}{section.7}% 18
\BOOKMARK [2][-]{subsection.7.2}{\376\377\000I\000n\000t\000e\000r\000v\000a\000l\000o\000s\000\040\000d\000e\000\040\000c\000o\000n\000f\000i\000a\000n\000z\000a}{section.7}% 19
\BOOKMARK [2][-]{subsection.7.3}{\376\377\000P\000r\000u\000e\000b\000a\000s\000\040\000d\000e\000\040\000h\000i\000p\000\363\000t\000e\000s\000i\000s}{section.7}% 20
\BOOKMARK [1][-]{section.8}{\376\377\000I\000n\000t\000e\000r\000p\000r\000e\000t\000a\000c\000i\000\363\000n\000\040\000d\000e\000\040\000r\000e\000s\000u\000l\000t\000a\000d\000o\000s}{}% 21
\BOOKMARK [2][-]{subsection.8.1}{\376\377\000D\000e\000c\000i\000s\000i\000o\000n\000e\000s}{section.8}% 22
\BOOKMARK [1][-]{section.9}{\376\377\000A\000n\000e\000x\000o\000s}{}% 23
\BOOKMARK [2][-]{subsection.9.1}{\376\377\000A\000n\000e\000x\000o\000\040\0001\000:\000\040\000T\000a\000b\000l\000a\000\040\000d\000e\000\040\000f\000r\000e\000c\000u\000e\000n\000c\000i\000a\000s\000\040\000a\000c\000u\000m\000u\000l\000a\000d\000a\000s\000\040\000Z}{section.9}% 24
\BOOKMARK [2][-]{subsection.9.2}{\376\377\000A\000n\000e\000x\000o\000\040\0002\000:\000\040\000T\000a\000b\000l\000a\000\040\000d\000e\000\040\000f\000r\000e\000c\000u\000e\000n\000c\000i\000a\000s\000\040\000a\000c\000u\000m\000u\000l\000a\000d\000a\000s\000\040\000T}{section.9}% 25
\BOOKMARK [2][-]{subsection.9.3}{\376\377\000A\000n\000e\000x\000o\000\040\0003\000:\000\040\000T\000a\000b\000l\000a\000\040\000d\000e\000\040\000f\000r\000e\000c\000u\000e\000n\000c\000i\000a\000s\000\040\000a\000c\000u\000m\000u\000l\000a\000d\000a\000s\000\040\000c\000h\000i}{section.9}% 26
\BOOKMARK [2][-]{subsection.9.4}{\376\377\000A\000n\000e\000x\000o\000\040\0004\000:\000\040\000T\000a\000b\000l\000a\000\040\000d\000e\000\040\000f\000r\000e\000c\000u\000e\000n\000c\000i\000a\000s\000\040\000a\000c\000u\000m\000u\000l\000a\000d\000a\000s\000\040\000F}{section.9}% 27
\BOOKMARK [1][-]{subsection.9.4}{\376\377\000R\000e\000f\000e\000r\000e\000n\000c\000i\000a\000s}{}% 28
